<?xml version="1.0" encoding="UTF-8"?>
<testng-results ignored="0" total="1" passed="1" failed="0" skipped="0">
  <reporter-output>
  </reporter-output>
  <suite started-at="2023-05-29T12:21:29 IST" name="Default suite" finished-at="2023-05-29T12:21:33 IST" duration-ms="3930">
    <groups>
    </groups>
    <test started-at="2023-05-29T12:21:29 IST" name="Default test" finished-at="2023-05-29T12:21:33 IST" duration-ms="3930">
      <class name="com.test.VerifyGettest">
        <test-method signature="validation_Get_Method()[pri:0, instance:com.test.VerifyGettest@48aaecc3]" started-at="2023-05-29T12:21:29 IST" name="validation_Get_Method" finished-at="2023-05-29T12:21:33 IST" duration-ms="3884" status="PASS">
          <reporter-output>
          </reporter-output>
        </test-method> <!-- validation_Get_Method -->
      </class> <!-- com.test.VerifyGettest -->
    </test> <!-- Default test -->
  </suite> <!-- Default suite -->
</testng-results>
